[debug] [2023-06-06T06:34:55.027Z] ----------------------------------------------------------------------
[debug] [2023-06-06T06:34:55.030Z] Command:       C:\Skole\node.exe C:\Users\nanna\AppData\Roaming\npm\node_modules\firebase-tools\lib\bin\firebase.js init
[debug] [2023-06-06T06:34:55.031Z] CLI Version:   12.3.0
[debug] [2023-06-06T06:34:55.031Z] Platform:      win32
[debug] [2023-06-06T06:34:55.032Z] Node Version:  v16.13.2
[debug] [2023-06-06T06:34:55.033Z] Time:          Tue Jun 06 2023 08:34:55 GMT+0200 (Centraleuropæisk sommertid)
[debug] [2023-06-06T06:34:55.033Z] ----------------------------------------------------------------------
[debug] 
[warn] !  JSON error trying to load C:\Users\nanna\Desktop\4. Semester hovedopgave\4.Hovedopgave\eksame\.firebaserc 
[debug] [2023-06-06T06:34:55.164Z] > command requires scopes: ["email","openid","https://www.googleapis.com/auth/cloudplatformprojects.readonly","https://www.googleapis.com/auth/firebase","https://www.googleapis.com/auth/cloud-platform"]
[debug] [2023-06-06T06:34:55.165Z] > authorizing via signed-in user (nannamc10@gmail.com)
[info] 
     ######## #### ########  ######## ########     ###     ######  ########
     ##        ##  ##     ## ##       ##     ##  ##   ##  ##       ##
     ######    ##  ########  ######   ########  #########  ######  ######
     ##        ##  ##    ##  ##       ##     ## ##     ##       ## ##
     ##       #### ##     ## ######## ########  ##     ##  ######  ########

You're about to initialize a Firebase project in this directory:

  C:\Users\nanna\Desktop\4. Semester hovedopgave\4.Hovedopgave\eksame

Before we get started, keep in mind:

  * You are initializing within an existing Firebase project directory

[info] 
=== Project Setup
[info] 
[info] First, let's associate this project directory with a Firebase project.
[info] You can create multiple project aliases by running firebase use --add, 
[info] but for now we'll just set up a default project.
[info] 
[debug] [2023-06-06T06:36:51.977Z] > refreshing access token with scopes: []
[debug] [2023-06-06T06:36:51.979Z] >>> [apiv2][query] POST https://www.googleapis.com/oauth2/v3/token [none]
[debug] [2023-06-06T06:36:51.980Z] >>> [apiv2][body] POST https://www.googleapis.com/oauth2/v3/token [omitted]
[debug] [2023-06-06T06:36:52.234Z] <<< [apiv2][status] POST https://www.googleapis.com/oauth2/v3/token 400
[debug] [2023-06-06T06:36:52.234Z] <<< [apiv2][body] POST https://www.googleapis.com/oauth2/v3/token [omitted]
[debug] [2023-06-06T06:36:52.235Z] >>> [apiv2][query] GET https://firebase.googleapis.com/v1beta1/projects pageSize=100
[debug] [2023-06-06T06:36:52.453Z] <<< [apiv2][status] GET https://firebase.googleapis.com/v1beta1/projects 401
[debug] [2023-06-06T06:36:52.454Z] <<< [apiv2][body] GET https://firebase.googleapis.com/v1beta1/projects [omitted]
[debug] [2023-06-06T06:36:52.454Z] HTTP Error: 401, Request had invalid authentication credentials. Expected OAuth 2 access token, login cookie or other valid authentication credential. See https://developers.google.com/identity/sign-in/web/devconsole-project.
[debug] [2023-06-06T06:36:52.651Z] FirebaseError: HTTP Error: 401, Request had invalid authentication credentials. Expected OAuth 2 access token, login cookie or other valid authentication credential. See https://developers.google.com/identity/sign-in/web/devconsole-project.
    at responseToError (C:\Users\nanna\AppData\Roaming\npm\node_modules\firebase-tools\lib\responseToError.js:49:12)
    at RetryOperation._fn (C:\Users\nanna\AppData\Roaming\npm\node_modules\firebase-tools\lib\apiv2.js:288:77)
    at processTicksAndRejections (node:internal/process/task_queues:96:5)
[error] 
[error] Error: Failed to list Firebase projects. See firebase-debug.log for more info.
[debug] [2023-06-06T06:37:24.970Z] ----------------------------------------------------------------------
[debug] [2023-06-06T06:37:24.973Z] Command:       C:\Skole\node.exe C:\Users\nanna\AppData\Roaming\npm\node_modules\firebase-tools\lib\bin\firebase.js init
[debug] [2023-06-06T06:37:24.974Z] CLI Version:   12.3.0
[debug] [2023-06-06T06:37:24.975Z] Platform:      win32
[debug] [2023-06-06T06:37:24.975Z] Node Version:  v16.13.2
[debug] [2023-06-06T06:37:24.977Z] Time:          Tue Jun 06 2023 08:37:24 GMT+0200 (Centraleuropæisk sommertid)
[debug] [2023-06-06T06:37:24.977Z] ----------------------------------------------------------------------
[debug] 
[warn] !  JSON error trying to load C:\Users\nanna\Desktop\4. Semester hovedopgave\4.Hovedopgave\eksame\.firebaserc 
[debug] [2023-06-06T06:37:25.109Z] > command requires scopes: ["email","openid","https://www.googleapis.com/auth/cloudplatformprojects.readonly","https://www.googleapis.com/auth/firebase","https://www.googleapis.com/auth/cloud-platform"]
[debug] [2023-06-06T06:37:25.110Z] > authorizing via signed-in user (nannamc10@gmail.com)
[info] 
     ######## #### ########  ######## ########     ###     ######  ########
     ##        ##  ##     ## ##       ##     ##  ##   ##  ##       ##
     ######    ##  ########  ######   ########  #########  ######  ######
     ##        ##  ##    ##  ##       ##     ## ##     ##       ## ##
     ##       #### ##     ## ######## ########  ##     ##  ######  ########

You're about to initialize a Firebase project in this directory:

  C:\Users\nanna\Desktop\4. Semester hovedopgave\4.Hovedopgave\eksame

Before we get started, keep in mind:

  * You are initializing within an existing Firebase project directory

[info] 
=== Project Setup
[info] 
[info] First, let's associate this project directory with a Firebase project.
[info] You can create multiple project aliases by running firebase use --add, 
[info] but for now we'll just set up a default project.
[info] 
[info] i  If you want to create a project in a Google Cloud organization or folder, please use "firebase projects:create" instead, and return to this command when you've created the project. 
[debug] [2023-06-06T06:38:48.781Z] > refreshing access token with scopes: []
[debug] [2023-06-06T06:38:48.784Z] >>> [apiv2][query] POST https://www.googleapis.com/oauth2/v3/token [none]
[debug] [2023-06-06T06:38:48.784Z] >>> [apiv2][body] POST https://www.googleapis.com/oauth2/v3/token [omitted]
[debug] [2023-06-06T06:38:49.011Z] <<< [apiv2][status] POST https://www.googleapis.com/oauth2/v3/token 400
[debug] [2023-06-06T06:38:49.012Z] <<< [apiv2][body] POST https://www.googleapis.com/oauth2/v3/token [omitted]
[debug] [2023-06-06T06:38:49.012Z] >>> [apiv2][query] POST https://cloudresourcemanager.googleapis.com/v1/projects [none]
[debug] [2023-06-06T06:38:49.012Z] >>> [apiv2][body] POST https://cloudresourcemanager.googleapis.com/v1/projects {"projectId":"eksamen","name":"eksamen"}
[debug] [2023-06-06T06:38:49.919Z] <<< [apiv2][status] POST https://cloudresourcemanager.googleapis.com/v1/projects 401
[debug] [2023-06-06T06:38:49.919Z] <<< [apiv2][body] POST https://cloudresourcemanager.googleapis.com/v1/projects {"error":{"code":401,"message":"Request had invalid authentication credentials. Expected OAuth 2 access token, login cookie or other valid authentication credential. See https://developers.google.com/identity/sign-in/web/devconsole-project.","status":"UNAUTHENTICATED","details":[{"@type":"type.googleapis.com/google.rpc.ErrorInfo","reason":"ACCESS_TOKEN_TYPE_UNSUPPORTED","metadata":{"method":"google.cloudresourcemanager.v1.Projects.CreateProject","service":"cloudresourcemanager.googleapis.com"}}]}}
[debug] [2023-06-06T06:38:50.119Z] FirebaseError: HTTP Error: 401, Request had invalid authentication credentials. Expected OAuth 2 access token, login cookie or other valid authentication credential. See https://developers.google.com/identity/sign-in/web/devconsole-project.
    at responseToError (C:\Users\nanna\AppData\Roaming\npm\node_modules\firebase-tools\lib\responseToError.js:49:12)
    at RetryOperation._fn (C:\Users\nanna\AppData\Roaming\npm\node_modules\firebase-tools\lib\apiv2.js:288:77)
    at processTicksAndRejections (node:internal/process/task_queues:96:5)
[error] 
[error] Error: Failed to create project. See firebase-debug.log for more info.
[debug] [2023-06-06T06:39:07.356Z] ----------------------------------------------------------------------
[debug] [2023-06-06T06:39:07.359Z] Command:       C:\Skole\node.exe C:\Users\nanna\AppData\Roaming\npm\node_modules\firebase-tools\lib\bin\firebase.js projects:create
[debug] [2023-06-06T06:39:07.359Z] CLI Version:   12.3.0
[debug] [2023-06-06T06:39:07.360Z] Platform:      win32
[debug] [2023-06-06T06:39:07.360Z] Node Version:  v16.13.2
[debug] [2023-06-06T06:39:07.362Z] Time:          Tue Jun 06 2023 08:39:07 GMT+0200 (Centraleuropæisk sommertid)
[debug] [2023-06-06T06:39:07.362Z] ----------------------------------------------------------------------
[debug] 
[warn] !  JSON error trying to load C:\Users\nanna\Desktop\4. Semester hovedopgave\4.Hovedopgave\eksame\.firebaserc 
[debug] [2023-06-06T06:39:07.508Z] > command requires scopes: ["email","openid","https://www.googleapis.com/auth/cloudplatformprojects.readonly","https://www.googleapis.com/auth/firebase","https://www.googleapis.com/auth/cloud-platform"]
[debug] [2023-06-06T06:39:07.509Z] > authorizing via signed-in user (nannamc10@gmail.com)
[debug] [2023-06-06T06:39:20.331Z] > refreshing access token with scopes: []
[debug] [2023-06-06T06:39:20.337Z] >>> [apiv2][query] POST https://www.googleapis.com/oauth2/v3/token [none]
[debug] [2023-06-06T06:39:20.338Z] >>> [apiv2][body] POST https://www.googleapis.com/oauth2/v3/token [omitted]
[debug] [2023-06-06T06:39:20.617Z] <<< [apiv2][status] POST https://www.googleapis.com/oauth2/v3/token 400
[debug] [2023-06-06T06:39:20.618Z] <<< [apiv2][body] POST https://www.googleapis.com/oauth2/v3/token [omitted]
[debug] [2023-06-06T06:39:20.618Z] >>> [apiv2][query] POST https://cloudresourcemanager.googleapis.com/v1/projects [none]
[debug] [2023-06-06T06:39:20.619Z] >>> [apiv2][body] POST https://cloudresourcemanager.googleapis.com/v1/projects {"projectId":"feksamen","name":"1001"}
[debug] [2023-06-06T06:39:20.894Z] <<< [apiv2][status] POST https://cloudresourcemanager.googleapis.com/v1/projects 401
[debug] [2023-06-06T06:39:20.895Z] <<< [apiv2][body] POST https://cloudresourcemanager.googleapis.com/v1/projects {"error":{"code":401,"message":"Request had invalid authentication credentials. Expected OAuth 2 access token, login cookie or other valid authentication credential. See https://developers.google.com/identity/sign-in/web/devconsole-project.","status":"UNAUTHENTICATED","details":[{"@type":"type.googleapis.com/google.rpc.ErrorInfo","reason":"ACCESS_TOKEN_TYPE_UNSUPPORTED","metadata":{"method":"google.cloudresourcemanager.v1.Projects.CreateProject","service":"cloudresourcemanager.googleapis.com"}}]}}
[debug] [2023-06-06T06:39:21.098Z] FirebaseError: HTTP Error: 401, Request had invalid authentication credentials. Expected OAuth 2 access token, login cookie or other valid authentication credential. See https://developers.google.com/identity/sign-in/web/devconsole-project.
    at responseToError (C:\Users\nanna\AppData\Roaming\npm\node_modules\firebase-tools\lib\responseToError.js:49:12)
    at RetryOperation._fn (C:\Users\nanna\AppData\Roaming\npm\node_modules\firebase-tools\lib\apiv2.js:288:77)
    at processTicksAndRejections (node:internal/process/task_queues:96:5)
[error] 
[error] Error: Failed to create project. See firebase-debug.log for more info.
[debug] [2023-06-06T06:42:35.789Z] ----------------------------------------------------------------------
[debug] [2023-06-06T06:42:35.793Z] Command:       C:\Skole\node.exe C:\Users\nanna\AppData\Roaming\npm\node_modules\firebase-tools\lib\bin\firebase.js init
[debug] [2023-06-06T06:42:35.794Z] CLI Version:   12.3.0
[debug] [2023-06-06T06:42:35.794Z] Platform:      win32
[debug] [2023-06-06T06:42:35.795Z] Node Version:  v16.13.2
[debug] [2023-06-06T06:42:35.796Z] Time:          Tue Jun 06 2023 08:42:35 GMT+0200 (Centraleuropæisk sommertid)
[debug] [2023-06-06T06:42:35.797Z] ----------------------------------------------------------------------
[debug] 
[debug] [2023-06-06T06:42:35.929Z] > command requires scopes: ["email","openid","https://www.googleapis.com/auth/cloudplatformprojects.readonly","https://www.googleapis.com/auth/firebase","https://www.googleapis.com/auth/cloud-platform"]
[debug] [2023-06-06T06:42:35.930Z] > authorizing via signed-in user (nannamc10@gmail.com)
[info] 
     ######## #### ########  ######## ########     ###     ######  ########
     ##        ##  ##     ## ##       ##     ##  ##   ##  ##       ##
     ######    ##  ########  ######   ########  #########  ######  ######
     ##        ##  ##    ##  ##       ##     ## ##     ##       ## ##
     ##       #### ##     ## ######## ########  ##     ##  ######  ########

You're about to initialize a Firebase project in this directory:

  C:\Users\nanna\Desktop\4. Semester hovedopgave\4.Hovedopgave\eksame

Before we get started, keep in mind:

  * You are initializing within an existing Firebase project directory

[info] 
=== Project Setup
[info] 
[info] First, let's associate this project directory with a Firebase project.
[info] You can create multiple project aliases by running firebase use --add, 
[info] but for now we'll just set up a default project.
[info] 
[debug] [2023-06-06T06:43:01.926Z] > refreshing access token with scopes: []
[debug] [2023-06-06T06:43:01.929Z] >>> [apiv2][query] POST https://www.googleapis.com/oauth2/v3/token [none]
[debug] [2023-06-06T06:43:01.930Z] >>> [apiv2][body] POST https://www.googleapis.com/oauth2/v3/token [omitted]
[debug] [2023-06-06T06:43:02.206Z] <<< [apiv2][status] POST https://www.googleapis.com/oauth2/v3/token 400
[debug] [2023-06-06T06:43:02.206Z] <<< [apiv2][body] POST https://www.googleapis.com/oauth2/v3/token [omitted]
[debug] [2023-06-06T06:43:02.207Z] >>> [apiv2][query] GET https://firebase.googleapis.com/v1beta1/projects pageSize=100
[debug] [2023-06-06T06:43:02.421Z] <<< [apiv2][status] GET https://firebase.googleapis.com/v1beta1/projects 401
[debug] [2023-06-06T06:43:02.421Z] <<< [apiv2][body] GET https://firebase.googleapis.com/v1beta1/projects [omitted]
[debug] [2023-06-06T06:43:02.422Z] HTTP Error: 401, Request had invalid authentication credentials. Expected OAuth 2 access token, login cookie or other valid authentication credential. See https://developers.google.com/identity/sign-in/web/devconsole-project.
[debug] [2023-06-06T06:43:02.603Z] FirebaseError: HTTP Error: 401, Request had invalid authentication credentials. Expected OAuth 2 access token, login cookie or other valid authentication credential. See https://developers.google.com/identity/sign-in/web/devconsole-project.
    at responseToError (C:\Users\nanna\AppData\Roaming\npm\node_modules\firebase-tools\lib\responseToError.js:49:12)
    at RetryOperation._fn (C:\Users\nanna\AppData\Roaming\npm\node_modules\firebase-tools\lib\apiv2.js:288:77)
    at processTicksAndRejections (node:internal/process/task_queues:96:5)
[error] 
[error] Error: Failed to list Firebase projects. See firebase-debug.log for more info.
[debug] [2023-06-06T06:44:26.517Z] ----------------------------------------------------------------------
[debug] [2023-06-06T06:44:26.520Z] Command:       C:\Skole\node.exe C:\Users\nanna\AppData\Roaming\npm\node_modules\firebase-tools\lib\bin\firebase.js use --add
[debug] [2023-06-06T06:44:26.521Z] CLI Version:   12.3.0
[debug] [2023-06-06T06:44:26.521Z] Platform:      win32
[debug] [2023-06-06T06:44:26.521Z] Node Version:  v16.13.2
[debug] [2023-06-06T06:44:26.522Z] Time:          Tue Jun 06 2023 08:44:26 GMT+0200 (Centraleuropæisk sommertid)
[debug] [2023-06-06T06:44:26.523Z] ----------------------------------------------------------------------
[debug] 
[debug] [2023-06-06T06:44:26.640Z] > command requires scopes: ["email","openid","https://www.googleapis.com/auth/cloudplatformprojects.readonly","https://www.googleapis.com/auth/firebase","https://www.googleapis.com/auth/cloud-platform"]
[debug] [2023-06-06T06:44:26.641Z] > authorizing via signed-in user (nannamc10@gmail.com)
[debug] [2023-06-06T06:44:26.643Z] > refreshing access token with scopes: []
[debug] [2023-06-06T06:44:26.646Z] >>> [apiv2][query] POST https://www.googleapis.com/oauth2/v3/token [none]
[debug] [2023-06-06T06:44:26.646Z] >>> [apiv2][body] POST https://www.googleapis.com/oauth2/v3/token [omitted]
[debug] [2023-06-06T06:44:26.890Z] <<< [apiv2][status] POST https://www.googleapis.com/oauth2/v3/token 400
[debug] [2023-06-06T06:44:26.891Z] <<< [apiv2][body] POST https://www.googleapis.com/oauth2/v3/token [omitted]
[debug] [2023-06-06T06:44:26.892Z] >>> [apiv2][query] GET https://firebase.googleapis.com/v1beta1/projects pageSize=1000
[debug] [2023-06-06T06:44:27.095Z] <<< [apiv2][status] GET https://firebase.googleapis.com/v1beta1/projects 401
[debug] [2023-06-06T06:44:27.095Z] <<< [apiv2][body] GET https://firebase.googleapis.com/v1beta1/projects [omitted]
[debug] [2023-06-06T06:44:27.097Z] HTTP Error: 401, Request had invalid authentication credentials. Expected OAuth 2 access token, login cookie or other valid authentication credential. See https://developers.google.com/identity/sign-in/web/devconsole-project.
[debug] [2023-06-06T06:44:27.265Z] FirebaseError: HTTP Error: 401, Request had invalid authentication credentials. Expected OAuth 2 access token, login cookie or other valid authentication credential. See https://developers.google.com/identity/sign-in/web/devconsole-project.
    at responseToError (C:\Users\nanna\AppData\Roaming\npm\node_modules\firebase-tools\lib\responseToError.js:49:12)
    at RetryOperation._fn (C:\Users\nanna\AppData\Roaming\npm\node_modules\firebase-tools\lib\apiv2.js:288:77)
    at processTicksAndRejections (node:internal/process/task_queues:96:5)
[error] 
[error] Error: Failed to list Firebase projects. See firebase-debug.log for more info.
[debug] [2023-06-06T06:56:00.312Z] ----------------------------------------------------------------------
[debug] [2023-06-06T06:56:00.315Z] Command:       C:\Skole\node.exe C:\Users\nanna\AppData\Roaming\npm\node_modules\firebase-tools\lib\bin\firebase.js init
[debug] [2023-06-06T06:56:00.317Z] CLI Version:   12.3.0
[debug] [2023-06-06T06:56:00.318Z] Platform:      win32
[debug] [2023-06-06T06:56:00.318Z] Node Version:  v16.13.2
[debug] [2023-06-06T06:56:00.327Z] Time:          Tue Jun 06 2023 08:56:00 GMT+0200 (Centraleuropæisk sommertid)
[debug] [2023-06-06T06:56:00.328Z] ----------------------------------------------------------------------
[debug] 
[debug] [2023-06-06T06:56:00.466Z] > command requires scopes: ["email","openid","https://www.googleapis.com/auth/cloudplatformprojects.readonly","https://www.googleapis.com/auth/firebase","https://www.googleapis.com/auth/cloud-platform"]
[debug] [2023-06-06T06:56:00.467Z] > authorizing via signed-in user (nannamc10@gmail.com)
[info] 
     ######## #### ########  ######## ########     ###     ######  ########
     ##        ##  ##     ## ##       ##     ##  ##   ##  ##       ##
     ######    ##  ########  ######   ########  #########  ######  ######
     ##        ##  ##    ##  ##       ##     ## ##     ##       ## ##
     ##       #### ##     ## ######## ########  ##     ##  ######  ########

You're about to initialize a Firebase project in this directory:

  C:\Users\nanna\Desktop\4. Semester hovedopgave\4.Hovedopgave\eksame

Before we get started, keep in mind:

  * You are initializing within an existing Firebase project directory

[info] 
=== Project Setup
[info] 
[info] First, let's associate this project directory with a Firebase project.
[info] You can create multiple project aliases by running firebase use --add, 
[info] but for now we'll just set up a default project.
[info] 
[info] i  .firebaserc already has a default project, using eksame. 
[debug] [2023-06-06T06:56:22.037Z] > refreshing access token with scopes: []
[debug] [2023-06-06T06:56:22.040Z] >>> [apiv2][query] POST https://www.googleapis.com/oauth2/v3/token [none]
[debug] [2023-06-06T06:56:22.040Z] >>> [apiv2][body] POST https://www.googleapis.com/oauth2/v3/token [omitted]
[debug] [2023-06-06T06:56:22.326Z] <<< [apiv2][status] POST https://www.googleapis.com/oauth2/v3/token 400
[debug] [2023-06-06T06:56:22.326Z] <<< [apiv2][body] POST https://www.googleapis.com/oauth2/v3/token [omitted]
[debug] [2023-06-06T06:56:22.327Z] >>> [apiv2][query] GET https://firebase.googleapis.com/v1beta1/projects/eksame [none]
[debug] [2023-06-06T06:56:22.525Z] <<< [apiv2][status] GET https://firebase.googleapis.com/v1beta1/projects/eksame 401
[debug] [2023-06-06T06:56:22.525Z] <<< [apiv2][body] GET https://firebase.googleapis.com/v1beta1/projects/eksame {"error":{"code":401,"message":"Request had invalid authentication credentials. Expected OAuth 2 access token, login cookie or other valid authentication credential. See https://developers.google.com/identity/sign-in/web/devconsole-project.","status":"UNAUTHENTICATED"}}
[debug] [2023-06-06T06:56:22.527Z] HTTP Error: 401, Request had invalid authentication credentials. Expected OAuth 2 access token, login cookie or other valid authentication credential. See https://developers.google.com/identity/sign-in/web/devconsole-project.
[debug] [2023-06-06T06:56:22.692Z] FirebaseError: HTTP Error: 401, Request had invalid authentication credentials. Expected OAuth 2 access token, login cookie or other valid authentication credential. See https://developers.google.com/identity/sign-in/web/devconsole-project.
    at responseToError (C:\Users\nanna\AppData\Roaming\npm\node_modules\firebase-tools\lib\responseToError.js:49:12)
    at RetryOperation._fn (C:\Users\nanna\AppData\Roaming\npm\node_modules\firebase-tools\lib\apiv2.js:288:77)
    at processTicksAndRejections (node:internal/process/task_queues:96:5)
[error] 
[error] Error: Failed to get Firebase project eksame. Please make sure the project exists and your account has permission to access it.
[debug] [2023-06-06T07:00:43.757Z] ----------------------------------------------------------------------
[debug] [2023-06-06T07:00:43.760Z] Command:       C:\Skole\node.exe C:\Users\nanna\AppData\Roaming\npm\node_modules\firebase-tools\lib\bin\firebase.js init
[debug] [2023-06-06T07:00:43.760Z] CLI Version:   12.3.0
[debug] [2023-06-06T07:00:43.761Z] Platform:      win32
[debug] [2023-06-06T07:00:43.761Z] Node Version:  v16.13.2
[debug] [2023-06-06T07:00:43.766Z] Time:          Tue Jun 06 2023 09:00:43 GMT+0200 (Centraleuropæisk sommertid)
[debug] [2023-06-06T07:00:43.767Z] ----------------------------------------------------------------------
[debug] 
[debug] [2023-06-06T07:00:43.907Z] > command requires scopes: ["email","openid","https://www.googleapis.com/auth/cloudplatformprojects.readonly","https://www.googleapis.com/auth/firebase","https://www.googleapis.com/auth/cloud-platform"]
[debug] [2023-06-06T07:00:43.907Z] > authorizing via signed-in user (nannamc10@gmail.com)
[info] 
     ######## #### ########  ######## ########     ###     ######  ########
     ##        ##  ##     ## ##       ##     ##  ##   ##  ##       ##
     ######    ##  ########  ######   ########  #########  ######  ######
     ##        ##  ##    ##  ##       ##     ## ##     ##       ## ##
     ##       #### ##     ## ######## ########  ##     ##  ######  ########

You're about to initialize a Firebase project in this directory:

  C:\Users\nanna\Desktop\4. Semester hovedopgave\4.Hovedopgave\eksame

Before we get started, keep in mind:

  * You are initializing within an existing Firebase project directory

[info] 
=== Project Setup
[info] 
[info] First, let's associate this project directory with a Firebase project.
[info] You can create multiple project aliases by running firebase use --add, 
[info] but for now we'll just set up a default project.
[info] 
[debug] [2023-06-06T07:00:57.117Z] Using project from CLI flag: eksame-ca933
[debug] [2023-06-06T07:00:57.120Z] > refreshing access token with scopes: []
[debug] [2023-06-06T07:00:57.123Z] >>> [apiv2][query] POST https://www.googleapis.com/oauth2/v3/token [none]
[debug] [2023-06-06T07:00:57.123Z] >>> [apiv2][body] POST https://www.googleapis.com/oauth2/v3/token [omitted]
[debug] [2023-06-06T07:00:59.512Z] <<< [apiv2][status] POST https://www.googleapis.com/oauth2/v3/token 400
[debug] [2023-06-06T07:00:59.512Z] <<< [apiv2][body] POST https://www.googleapis.com/oauth2/v3/token [omitted]
[debug] [2023-06-06T07:00:59.514Z] >>> [apiv2][query] GET https://firebase.googleapis.com/v1beta1/projects/eksame-ca933 [none]
[debug] [2023-06-06T07:00:59.701Z] <<< [apiv2][status] GET https://firebase.googleapis.com/v1beta1/projects/eksame-ca933 401
[debug] [2023-06-06T07:00:59.702Z] <<< [apiv2][body] GET https://firebase.googleapis.com/v1beta1/projects/eksame-ca933 {"error":{"code":401,"message":"Request had invalid authentication credentials. Expected OAuth 2 access token, login cookie or other valid authentication credential. See https://developers.google.com/identity/sign-in/web/devconsole-project.","status":"UNAUTHENTICATED"}}
[debug] [2023-06-06T07:00:59.703Z] HTTP Error: 401, Request had invalid authentication credentials. Expected OAuth 2 access token, login cookie or other valid authentication credential. See https://developers.google.com/identity/sign-in/web/devconsole-project.
[debug] [2023-06-06T07:00:59.869Z] FirebaseError: HTTP Error: 401, Request had invalid authentication credentials. Expected OAuth 2 access token, login cookie or other valid authentication credential. See https://developers.google.com/identity/sign-in/web/devconsole-project.
    at responseToError (C:\Users\nanna\AppData\Roaming\npm\node_modules\firebase-tools\lib\responseToError.js:49:12)
    at RetryOperation._fn (C:\Users\nanna\AppData\Roaming\npm\node_modules\firebase-tools\lib\apiv2.js:288:77)
    at processTicksAndRejections (node:internal/process/task_queues:96:5)
[error] 
[error] Error: Failed to get Firebase project eksame-ca933. Please make sure the project exists and your account has permission to access it.
